Content-Type: text/plain; charset="utf-8"
MIME-Version: 1.0
Content-Transfer-Encoding: 8bit
Subject: Password reset on 127.0.0.1:8000
From: webmaster@localhost
To: james@lutnia.pl
Date: Wed, 26 Feb 2025 14:10:30 -0000
Message-ID: 
 <174057903082.65714.13074220126384599219@k8s-debian-shu.adammusial.internet-box.ch>


You're receiving this email because you requested a password reset for your user account at 127.0.0.1:8000.

Please go to the following page and choose a new password:

http://127.0.0.1:8000/accounts/reset/NA/clu4pi-c4643b1cc60d71ef264a8fb2f83e7fe3/

Your username, in case you’ve forgotten: krzaga

Thanks for using our site!

The 127.0.0.1:8000 team



-------------------------------------------------------------------------------
Content-Type: text/plain; charset="utf-8"
MIME-Version: 1.0
Content-Transfer-Encoding: 8bit
Subject: Password reset on 127.0.0.1:8000
From: webmaster@localhost
To: james@lutnia.pl
Date: Wed, 26 Feb 2025 14:10:30 -0000
Message-ID: 
 <174057903082.65714.17391756709184526954@k8s-debian-shu.adammusial.internet-box.ch>


You're receiving this email because you requested a password reset for your user account at 127.0.0.1:8000.

Please go to the following page and choose a new password:

http://127.0.0.1:8000/accounts/reset/NQ/clu4pi-27561a756e35f7752f38082b61208c2b/

Your username, in case you’ve forgotten: piaga

Thanks for using our site!

The 127.0.0.1:8000 team



-------------------------------------------------------------------------------
